 
****************************************
Report : area
Design : JAM
Version: Q-2019.12
Date   : Wed Mar 30 19:35:45 2022
****************************************

Library(s) Used:

    slow (File: /usr/cad/lib/CBDK_IC_Contest_v2.1/SynopsysDC/db/slow.db)

Number of ports:                           94
Number of nets:                           766
Number of cells:                          612
Number of combinational cells:            517
Number of sequential cells:                92
Number of macros/black boxes:               0
Number of buf/inv:                         93
Number of references:                      64

Combinational area:               4618.625413
Buf/Inv area:                      621.248407
Noncombinational area:            2936.501930
Macro/Black Box area:                0.000000
Net Interconnect area:           87033.772888

Total cell area:                  7555.127343
Total area:                      94588.900231
1
