/home/nfs_cad/synopsys/synthesis/cur/auxx/gui/dv/dv_setup.tcl
/home/nfs_cad/synopsys/synthesis/cur/auxx/gui/syn/snpsSynProcs.tcl
/home/nfs_cad/synopsys/synthesis/cur/auxx/gui/syn/layout/pkgIndex.tcl
/home/nfs_cad/synopsys/synthesis/cur/auxx/gui/common/palettegroup/pkgIndex.tcl
/home/nfs_cad/synopsys/synthesis/cur/auxx/gui/common/tcl-dp/pkgIndex.tcl
/home/nfs_cad/synopsys/synthesis/cur/auxx/gui/common/menus/pkgIndex.tcl
/home/nfs_cad/synopsys/synthesis/cur/auxx/gui/common/regressionToolkit/pkgIndex.tcl
/home/nfs_cad/synopsys/synthesis/cur/auxx/gui/common/histogram/pkgIndex.tcl
/home/nfs_cad/synopsys/synthesis/cur/auxx/gui/common/fanoutviewer/pkgIndex.tcl
/home/nfs_cad/synopsys/synthesis/cur/auxx/gui/common/libviewer/pkgIndex.tcl
/home/nfs_cad/synopsys/synthesis/cur/auxx/gui/common/WindowFrameWork/pkgIndex.tcl
/home/nfs_cad/synopsys/synthesis/cur/auxx/gui/common/tq/pkgIndex.tcl
/home/nfs_cad/synopsys/synthesis/cur/auxx/gui/common/strokes/pkgIndex.tcl
/home/nfs_cad/synopsys/synthesis/cur/auxx/gui/common/view/pkgIndex.tcl
/home/nfs_cad/synopsys/synthesis/cur/auxx/gui/common/highlight/pkgIndex.tcl
/home/nfs_cad/synopsys/synthesis/cur/auxx/gui/common/opdlg/pkgIndex.tcl
/home/nfs_cad/synopsys/synthesis/cur/auxx/gui/common/tiledview/pkgIndex.tcl
/home/nfs_cad/synopsys/synthesis/cur/auxx/gui/common/select/pkgIndex.tcl
/home/nfs_cad/synopsys/synthesis/cur/auxx/gui/common/acg/pkgIndex.tcl
/home/nfs_cad/synopsys/synthesis/cur/auxx/gui/common/schematic/pkgIndex.tcl
/home/nfs_cad/synopsys/synthesis/cur/auxx/gui/common/profiler/pkgIndex.tcl
/home/nfs_cad/synopsys/synthesis/cur/auxx/gui/common/hierarchy/pkgIndex.tcl
/home/nfs_cad/synopsys/synthesis/cur/auxx/gui/common/table/pkgIndex.tcl
/home/nfs_cad/synopsys/synthesis/cur/auxx/gui/common/mrupalette/pkgIndex.tcl
/home/nfs_cad/synopsys/synthesis/cur/auxx/gui/common/qtcl/pkgIndex.tcl
/home/nfs_cad/synopsys/synthesis/cur/auxx/gui/common/dialogs/pkgIndex.tcl
/home/nfs_cad/synopsys/synthesis/cur/auxx/gui/common/commandform/pkgIndex.tcl
/home/nfs_cad/synopsys/synthesis/cur/auxx/gui/common/pathinspector/pkgIndex.tcl
/home/nfs_cad/synopsys/synthesis/cur/auxx/gui/common/setup/pkgIndex.tcl
/home/nfs_cad/synopsys/synthesis/cur/auxx/gui/common/misc/pkgIndex.tcl
/home/nfs_cad/synopsys/synthesis/cur/auxx/gui/common/layout/pkgIndex.tcl
/home/nfs_cad/synopsys/synthesis/cur/auxx/gui/common/docBrowser/pkgIndex.tcl
/home/nfs_cad/synopsys/synthesis/cur/auxx/gui/common/timing/pkgIndex.tcl
/home/nfs_cad/synopsys/synthesis/cur/auxx/gui/dv/pkgIndex.tcl
/home/nfs_cad/synopsys/synthesis/cur/auxx/syn/lib/pkgIndex.tcl
/home/nfs_cad/synopsys/synthesis/cur/auxx/tcllib/lib/iwidgets4.1/pkgIndex.tcl
/home/nfs_cad/synopsys/synthesis/cur/auxx/tcllib/snps_tcl/snpsTclPro/pkgIndex.tcl
/home/nfs_cad/synopsys/synthesis/cur/auxx/tcllib/snps_tcl/snpsTest/pkgIndex.tcl
/home/nfs_cad/synopsys/synthesis/cur/auxx/tcllib/snps_tcl/snpsUtils/pkgIndex.tcl
/home/nfs_cad/synopsys/synthesis/cur/auxx/tcllib/snps_tcl/pkgIndex.tcl
/home/nfs_cad/synopsys/synthesis/cur/auxx/tcllib/lib/tcl8.6/http1.0/pkgIndex.tcl
/home/nfs_cad/synopsys/synthesis/cur/auxx/tcllib/lib/tcl8.6/platform/pkgIndex.tcl
/home/nfs_cad/synopsys/synthesis/cur/auxx/tcllib/lib/tcl8.6/msgcat/pkgIndex.tcl
/home/nfs_cad/synopsys/synthesis/cur/auxx/tcllib/lib/tcl8.6/dde/pkgIndex.tcl
/home/nfs_cad/synopsys/synthesis/cur/auxx/tcllib/lib/tcl8.6/http/pkgIndex.tcl
/home/nfs_cad/synopsys/synthesis/cur/auxx/tcllib/lib/tcl8.6/tcltest/pkgIndex.tcl
/home/nfs_cad/synopsys/synthesis/cur/auxx/tcllib/lib/tcl8.6/opt/pkgIndex.tcl
/home/nfs_cad/synopsys/synthesis/cur/auxx/tcllib/lib/tcl8.6/reg/pkgIndex.tcl
/home/nfs_cad/synopsys/synthesis/cur/auxx/gui/common/setup/snpsCommonSetup.tcl
/home/nfs_cad/synopsys/synthesis/cur/auxx/gui/common/setup/snpsCustomize.tcl
/home/nfs_cad/synopsys/synthesis/cur/auxx/gui/common/setup/snpsProcheck.tcl
/home/nfs_cad/synopsys/synthesis/cur/auxx/gui/common/qtcl/.synopsys_qtcl.tcl
/home/nfs_cad/synopsys/synthesis/cur/auxx/gui/common/highlight/highlight.tcl
/home/nfs_cad/synopsys/synthesis/cur/auxx/gui/common/misc/base.tcl
/home/nfs_cad/synopsys/synthesis/cur/auxx/gui/common/misc/timing.tcl
/home/nfs_cad/synopsys/synthesis/cur/auxx/gui/common/misc/setting.tcl
/home/nfs_cad/synopsys/synthesis/cur/auxx/gui/common/misc/preset.tcl
/home/nfs_cad/synopsys/synthesis/cur/auxx/gui/common/WindowFrameWork/windowFrameWork.tcl
/home/nfs_cad/synopsys/synthesis/cur/auxx/gui/common/WindowFrameWork/skipBusyCursorCmdList.tcl
/home/nfs_cad/synopsys/synthesis/cur/auxx/gui/common/docBrowser/docBrowser.tcl
/home/nfs_cad/synopsys/synthesis/cur/auxx/tcllib/snps_tcl/snpsUtils/snpsUtils.tcl
/home/nfs_cad/synopsys/synthesis/cur/auxx/gui/common/dialogs/ObjectChooser.tcl
/home/nfs_cad/synopsys/synthesis/cur/auxx/gui/common/misc/DialogObjectChooser.tcl
/home/nfs_cad/synopsys/synthesis/cur/auxx/gui/common/dialogs/HistBinInformation.tcl
/home/nfs_cad/synopsys/synthesis/cur/auxx/gui/common/dialogs/HistBin1Information.tcl
/home/nfs_cad/synopsys/synthesis/cur/auxx/gui/common/dialogs/BinsOnlyInformation.tcl
/home/nfs_cad/synopsys/synthesis/cur/auxx/gui/common/dialogs/FileChooser.tcl
/home/nfs_cad/synopsys/synthesis/cur/auxx/gui/common/dialogs/PathPinSimpleInfo.tcl
/home/nfs_cad/synopsys/synthesis/cur/auxx/gui/common/dialogs/PathsBasicInfo.tcl
/home/nfs_cad/synopsys/synthesis/cur/auxx/gui/common/dialogs/PathsBasicSimpleInfo.tcl
/home/nfs_cad/synopsys/synthesis/cur/auxx/gui/common/dialogs/SlctOperationInfo.tcl
/home/nfs_cad/synopsys/synthesis/cur/auxx/gui/common/dialogs/ObjectListInfo.tcl
/home/nfs_cad/synopsys/synthesis/cur/auxx/gui/common/dialogs/FanInOutInfo.tcl
/home/nfs_cad/synopsys/synthesis/cur/auxx/gui/common/dialogs/NumberOfLevelsChooser.tcl
/home/nfs_cad/synopsys/synthesis/cur/auxx/gui/common/dialogs/WindowReuseInfo.tcl
/home/nfs_cad/synopsys/synthesis/cur/auxx/gui/common/dialogs/ReportOutputOptionInfo.tcl
/home/nfs_cad/synopsys/synthesis/cur/auxx/gui/common/setup/snpsCollections.tcl
/home/nfs_cad/synopsys/synthesis/cur/auxx/gui/common/dialogs/CompileLinkDesign.tcl
/home/nfs_cad/synopsys/synthesis/cur/auxx/gui/common/histogram/DialogEndpointSlack.tcl
/home/nfs_cad/synopsys/synthesis/cur/auxx/gui/common/histogram/DialogPathsSlack.tcl
/home/nfs_cad/synopsys/synthesis/cur/auxx/gui/common/histogram/DialogNetCapacitance.tcl
/home/nfs_cad/synopsys/synthesis/cur/auxx/gui/common/schematic/DialogPathSchematicFanInOut.tcl
/home/nfs_cad/synopsys/synthesis/cur/auxx/gui/common/schematic/DialogPathSchematicAddPaths.tcl
/home/caid035/2022_univ_cell/dc_syn.tcl
/usr/cad/lib/CBDK_IC_Contest_v2.1/SynopsysDC/db/slow.db
/home/nfs_cad/synopsys/synthesis/cur/libraries/syn/dw_foundation.sldb
/home/nfs_cad/synopsys/synthesis/cur/libraries/syn/gtech.db
/home/nfs_cad/synopsys/synthesis/cur/libraries/syn/standard.sldb
/home/caid035/2022_univ_cell/JAM.v
/home/caid035/2022_univ_cell/JAM.v
/home/caid035/2022_univ_cell/JAM.sdc
/home/caid035/synopsys_cache_Q-2019.12/DW01/DW01_inc/rpl/4/slow_634/element.ddc
/home/caid035/synopsys_cache_Q-2019.12/DW01/DW_cmp/apparch/4/slow_634/489_7363/mapped.ddc
/home/caid035/synopsys_cache_Q-2019.12/DW01/DW01_dec/rpl/3/slow_634/element.ddc
/home/caid035/synopsys_cache_Q-2019.12/DW01/DW_cmp/apparch/3/slow_634/489_7363/mapped.ddc
/home/caid035/synopsys_cache_Q-2019.12/DW01/DW01_inc/rpl/3/slow_634/element.ddc
/home/caid035/synopsys_cache_Q-2019.12/DW01/DW01_add/rpl/10/slow_634/element.ddc
/home/caid035/synopsys_cache_Q-2019.12/DW01/DW01_inc/rpl/16/slow_634/element.ddc
/home/caid035/synopsys_cache_Q-2019.12/DW01/DW01_cmp6/rpl/10/slow_634/element.ddc
/usr/cad/lib/CBDK_IC_Contest_v2.1/SynopsysDC/db/slow.db
